<?xml version="1.0" encoding="UTF-8"?>
<!-- Generated by org.testng.reporters.JUnitXMLReporter -->
<testsuite ignored="0" hostname="Sharad-PC" failures="4" tests="6" name="Test1" time="104.055" errors="0" timestamp="2020-08-28T21:27:10 IST">
  <testcase classname="com.MavenProjectDemo.testCases.TC_LoginTest_001" name="login" time="29.045">
    <failure type="java.lang.AssertionError" message="expected [true] but found [false]">
      <![CDATA[java.lang.AssertionError: expected [true] but found [false]
at com.MavenProjectDemo.testCases.TC_LoginTest_001.login(TC_LoginTest_001.java:40)
at java.base/java.util.ArrayList.forEach(ArrayList.java:1511)
... Removed 31 stack frames]]>
    </failure>
  </testcase> <!-- login -->
  <testcase classname="com.MavenProjectDemo.testCases.TC_LoginTest_001" name="loginbyEmail" time="0.003"/>
  <testcase classname="com.MavenProjectDemo.testCases.TC_LoginDDT_002" name="loginDDT" time="23.37"/>
  <testcase classname="com.MavenProjectDemo.testCases.TC_LoginDDT_002" name="loginDDT" time="6.132">
    <failure type="java.lang.AssertionError" message="expected [true] but found [false]">
      <![CDATA[java.lang.AssertionError: expected [true] but found [false]
at com.MavenProjectDemo.testCases.TC_LoginDDT_002.loginDDT(TC_LoginDDT_002.java:40)
at java.base/java.util.ArrayList.forEach(ArrayList.java:1511)
... Removed 31 stack frames]]>
    </failure>
  </testcase> <!-- loginDDT -->
  <testcase classname="com.MavenProjectDemo.testCases.TC_LoginDDT_002" name="loginDDT" time="5.745">
    <failure type="java.lang.AssertionError" message="expected [true] but found [false]">
      <![CDATA[java.lang.AssertionError: expected [true] but found [false]
at com.MavenProjectDemo.testCases.TC_LoginDDT_002.loginDDT(TC_LoginDDT_002.java:40)
at java.base/java.util.ArrayList.forEach(ArrayList.java:1511)
... Removed 31 stack frames]]>
    </failure>
  </testcase> <!-- loginDDT -->
  <testcase classname="com.MavenProjectDemo.testCases.TC_LoginDDT_002" name="loginDDT" time="6.118">
    <failure type="java.lang.AssertionError" message="expected [true] but found [false]">
      <![CDATA[java.lang.AssertionError: expected [true] but found [false]
at com.MavenProjectDemo.testCases.TC_LoginDDT_002.loginDDT(TC_LoginDDT_002.java:40)
at java.base/java.util.ArrayList.forEach(ArrayList.java:1511)
... Removed 31 stack frames]]>
    </failure>
  </testcase> <!-- loginDDT -->
</testsuite> <!-- Test1 -->
