<?xml version="1.0" encoding="UTF-8"?>
<!-- Generated by org.testng.reporters.JUnitXMLReporter -->
<testsuite ignored="0" hostname="Sharad-PC" failures="4" tests="6" name="Test1" time="98.722" errors="0" timestamp="2020-08-28T23:29:11 IST">
  <testcase classname="com.MavenProjectDemo.testCases.TC_LoginTest_001" name="login" time="26.003">
    <failure type="java.lang.AssertionError" message="expected [true] but found [false]">
      <![CDATA[java.lang.AssertionError: expected [true] but found [false]
at com.MavenProjectDemo.testCases.TC_LoginTest_001.login(TC_LoginTest_001.java:40)
at java.base/java.util.ArrayList.forEach(ArrayList.java:1511)
... Removed 35 stack frames]]>
    </failure>
  </testcase> <!-- login -->
  <testcase classname="com.MavenProjectDemo.testCases.TC_LoginTest_001" name="loginbyEmail" time="0.003"/>
  <testcase classname="com.MavenProjectDemo.testCases.TC_LoginDDT_002" name="loginDDT" time="26.299"/>
  <testcase classname="com.MavenProjectDemo.testCases.TC_LoginDDT_002" name="loginDDT" time="6.051">
    <failure type="java.lang.AssertionError" message="expected [true] but found [false]">
      <![CDATA[java.lang.AssertionError: expected [true] but found [false]
at com.MavenProjectDemo.testCases.TC_LoginDDT_002.loginDDT(TC_LoginDDT_002.java:40)
at java.base/java.util.ArrayList.forEach(ArrayList.java:1511)
... Removed 35 stack frames]]>
    </failure>
  </testcase> <!-- loginDDT -->
  <testcase classname="com.MavenProjectDemo.testCases.TC_LoginDDT_002" name="loginDDT" time="5.668">
    <failure type="java.lang.AssertionError" message="expected [true] but found [false]">
      <![CDATA[java.lang.AssertionError: expected [true] but found [false]
at com.MavenProjectDemo.testCases.TC_LoginDDT_002.loginDDT(TC_LoginDDT_002.java:40)
at java.base/java.util.ArrayList.forEach(ArrayList.java:1511)
... Removed 35 stack frames]]>
    </failure>
  </testcase> <!-- loginDDT -->
  <testcase classname="com.MavenProjectDemo.testCases.TC_LoginDDT_002" name="loginDDT" time="7.121">
    <failure type="java.lang.AssertionError" message="expected [true] but found [false]">
      <![CDATA[java.lang.AssertionError: expected [true] but found [false]
at com.MavenProjectDemo.testCases.TC_LoginDDT_002.loginDDT(TC_LoginDDT_002.java:40)
at java.base/java.util.ArrayList.forEach(ArrayList.java:1511)
... Removed 35 stack frames]]>
    </failure>
  </testcase> <!-- loginDDT -->
</testsuite> <!-- Test1 -->
