<?xml version="1.0" encoding="UTF-8"?>
<testsuite xmlns:xsi="http://www.w3.org/2001/XMLSchema-instance" xsi:noNamespaceSchemaLocation="https://maven.apache.org/surefire/maven-surefire-plugin/xsd/surefire-test-report.xsd" name="TestSuite" time="100.345" tests="6" errors="0" skipped="0" failures="4">
  <properties>
[...]
</properties>
  <testcase name="login" classname="com.MavenProjectDemo.testCases.TC_LoginTest_001" time="26.002">
    <failure message="expected [true] but found [false]" type="java.lang.AssertionError">java.lang.AssertionError: expected [true] but found [false]
	at com.MavenProjectDemo.testCases.TC_LoginTest_001.login(TC_LoginTest_001.java:40)
</failure>
    <system-out><![CDATA[ INFO [main] (TC_LoginTest_001.java:18)- URL Open
 INFO [main] (TC_LoginTest_001.java:22)- User provided
 INFO [main] (TC_LoginTest_001.java:25)- Password provided
 INFO [main] (TC_LoginTest_001.java:28)- Login button clicked
Login Fail
 INFO [main] (TC_LoginTest_001.java:38)- Login fail
]]></system-out>
    <system-err><![CDATA[1598637454854	mozrunner::runner	INFO	Running command: "C:\\Program Files\\Mozilla Firefox\\firefox.exe" "-marionette" "-foreground" "-no-remote" "-profile" "C:\\Users\\Sharad\\AppData\\Local\\Temp\\rust_mozprofilebQG9W6"
JavaScript error: resource://gre/modules/XULStore.jsm, line 66: Error: Can't find profile directory.
console.error: SearchCache: "_readCacheFile: Error reading cache file:" (new Error("", "(unknown module)"))
1598637459700	Marionette	INFO	Listening on port 50566
1598637460341	Marionette	WARN	TLS certificate errors will be ignored for this session
Aug 28, 2020 11:27:40 PM org.openqa.selenium.remote.ProtocolHandshake createSession
INFO: Detected dialect: W3C
console.error: Region.jsm: "Error fetching region" (new AbortError("The operation was aborted. ", (void 0), 689))
console.error: Region.jsm: "Failed to fetch region" (new Error("NO_RESULT", "resource://gre/modules/Region.jsm", 343))
]]></system-err>
  </testcase>
  <testcase name="loginbyEmail" classname="com.MavenProjectDemo.testCases.TC_LoginTest_001" time="0.067"/>
  <testcase name="loginDDT" classname="com.MavenProjectDemo.testCases.TC_LoginDDT_002" time="26.303"/>
  <testcase name="loginDDT" classname="com.MavenProjectDemo.testCases.TC_LoginDDT_002" time="6.051">
    <failure message="expected [true] but found [false]" type="java.lang.AssertionError">java.lang.AssertionError: expected [true] but found [false]
	at com.MavenProjectDemo.testCases.TC_LoginDDT_002.loginDDT(TC_LoginDDT_002.java:40)
</failure>
    <system-out><![CDATA[ INFO [main] (TC_LoginDDT_002.java:17)- URL Open
 INFO [main] (TC_LoginDDT_002.java:21)- User provided
 INFO [main] (TC_LoginDDT_002.java:24)- Password provided
 INFO [main] (TC_LoginDDT_002.java:27)- Login button clicked
Login Fail
 INFO [main] (TC_LoginDDT_002.java:38)- Login fail
]]></system-out>
  </testcase>
  <testcase name="loginDDT" classname="com.MavenProjectDemo.testCases.TC_LoginDDT_002" time="5.678">
    <failure message="expected [true] but found [false]" type="java.lang.AssertionError">java.lang.AssertionError: expected [true] but found [false]
	at com.MavenProjectDemo.testCases.TC_LoginDDT_002.loginDDT(TC_LoginDDT_002.java:40)
</failure>
    <system-out><![CDATA[ INFO [main] (TC_LoginDDT_002.java:17)- URL Open
 INFO [main] (TC_LoginDDT_002.java:21)- User provided
 INFO [main] (TC_LoginDDT_002.java:24)- Password provided
 INFO [main] (TC_LoginDDT_002.java:27)- Login button clicked
Login Fail
 INFO [main] (TC_LoginDDT_002.java:38)- Login fail
]]></system-out>
  </testcase>
  <testcase name="loginDDT" classname="com.MavenProjectDemo.testCases.TC_LoginDDT_002" time="7.216">
    <failure message="expected [true] but found [false]" type="java.lang.AssertionError">java.lang.AssertionError: expected [true] but found [false]
	at com.MavenProjectDemo.testCases.TC_LoginDDT_002.loginDDT(TC_LoginDDT_002.java:40)
</failure>
    <system-out><![CDATA[ INFO [main] (TC_LoginDDT_002.java:17)- URL Open
 INFO [main] (TC_LoginDDT_002.java:21)- User provided
 INFO [main] (TC_LoginDDT_002.java:24)- Password provided
 INFO [main] (TC_LoginDDT_002.java:27)- Login button clicked
Login Fail
 INFO [main] (TC_LoginDDT_002.java:38)- Login fail
]]></system-out>
  </testcase>
</testsuite>